2025-10-18T00:18:09.394Z | arpeeguy | Pirate Cove | Cutlass
2025-10-18T00:18:09.394Z | arpeeguy | Pirate Cove | Cutlass
2025-10-18T00:18:09.394Z | arpeeguy | Pirate Cove | Cutlass
2025-10-18T00:18:09.394Z | arpeeguy | Pirate Cove | Cutlass
2025-10-18T00:18:09.394Z | arpeeguy | Pirate Cove | Cutlass
2025-10-18T00:18:09.394Z | arpeeguy | Pirate Cove | Cutlass
2025-10-18T00:18:09.394Z | arpeeguy | Pirate Cove | Cutlass
2025-10-18T00:18:09.394Z | arpeeguy | Pirate Cove | Cutlass
2025-10-18T00:18:09.394Z | arpeeguy | Pirate Cove | Cutlass
2025-10-18T00:18:09.394Z | arpeeguy | Pirate Cove | Cutlass
2025-10-18T00:18:23.401Z | arpeeguy | Pirate Cove | Blunderbuss
2025-10-18T00:18:23.401Z | arpeeguy | Pirate Cove | Blunderbuss
2025-10-18T00:18:23.401Z | arpeeguy | Pirate Cove | Blunderbuss
2025-10-18T00:18:23.401Z | arpeeguy | Pirate Cove | Blunderbuss
2025-10-18T00:18:23.401Z | arpeeguy | Pirate Cove | Blunderbuss
2025-10-18T00:18:23.401Z | arpeeguy | Pirate Cove | Blunderbuss
2025-10-18T00:18:23.401Z | arpeeguy | Pirate Cove | Blunderbuss
2025-10-18T00:18:23.401Z | arpeeguy | Pirate Cove | Blunderbuss
2025-10-18T00:18:23.401Z | arpeeguy | Pirate Cove | Blunderbuss
2025-10-18T00:18:23.401Z | arpeeguy | Pirate Cove | Blunderbuss
2025-10-18T00:18:23.401Z | arpeeguy | Pirate Cove | Blunderbuss
2025-10-18T00:18:53.406Z | arpeeguy | Pirate Cove | Captain's Hat
2025-10-18T00:18:53.406Z | arpeeguy | Pirate Cove | Captain's Hat
2025-10-18T00:18:53.406Z | arpeeguy | Pirate Cove | Captain's Hat
2025-10-18T00:18:53.406Z | arpeeguy | Pirate Cove | Captain's Hat
2025-10-18T00:19:06.578Z | arpeeguy | Pirate Cove | Gunpowder Egg
2025-10-18T00:19:06.578Z | arpeeguy | Pirate Cove | Gunpowder Egg
2025-10-18T00:19:06.578Z | arpeeguy | Pirate Cove | Gunpowder Egg
2025-10-18T00:19:33.990Z | arpeeguy | Pirate Cove | Pirate Diary (Pg 1)
2025-10-18T00:19:33.990Z | arpeeguy | Pirate Cove | Pirate Diary (Pg 1)
2025-10-18T00:19:33.990Z | arpeeguy | Pirate Cove | Pirate Diary (Pg 1)
2025-10-18T00:19:33.990Z | arpeeguy | Pirate Cove | Pirate Diary (Pg 1)
2025-10-18T00:19:55.310Z | arpeeguy | Pirate Cove | Captain's Cape
2025-10-18T00:20:17.854Z | arpeeguy | Pirate Cove | Pirate Diary (Pg 2)
2025-10-18T00:20:17.854Z | arpeeguy | Pirate Cove | Pirate Diary (Pg 2)
2025-10-18T00:20:17.854Z | arpeeguy | Pirate Cove | Pirate Diary (Pg 2)
2025-10-18T00:20:17.854Z | arpeeguy | Pirate Cove | Pirate Diary (Pg 2)
2025-10-18T00:20:17.854Z | arpeeguy | Pirate Cove | Pirate Diary (Pg 2)
2025-10-18T00:20:17.854Z | arpeeguy | Pirate Cove | Pirate Diary (Pg 2)
2025-10-18T00:20:17.854Z | arpeeguy | Pirate Cove | Pirate Diary (Pg 2)
